<?xml version="1.0" encoding="UTF-8" ?>
<testsuite errors="1" failures="0" hostname="fonzerelli.corporate.thoughtworks.com" name="com.example.app.web.page.tests.ExampleFunctionalTests" tests="1" time="1.199" timestamp="2012-08-17T05:04:26">
  <properties>
    <property name="file.encoding.pkg" value="sun.io" />
    <property name="ivy.retrieve.pattern.ivy.instance" value="/Users/jparry/projects/twu/code/EXAMPLE/PROJECTS/spring-quickstart/lib/[artifact]-[revision](-[classifier]).[ext]" />
    <property name="java.vendor.url.ivy.instance" value="http://www.apple.com/" />
    <property name="ivy.local.default.ivy.pattern.ivy.instance" value="[organisation]/[module]/[revision]/[type]s/[artifact].[ext]" />
    <property name="ivy.project.dir.ivy.instance" value="/Users/jparry/projects/twu/code/EXAMPLE/PROJECTS/spring-quickstart" />
    <property name="ivy.resolve.default.type.filter" value="*" />
    <property name="java.home" value="/System/Library/Java/JavaVirtualMachines/1.6.0.jdk/Contents/Home" />
    <property name="ivy.configurations.ivy.instance" value="*" />
    <property name="ivy.basedir.ivy.instance" value="/Users/jparry/projects/twu/code/EXAMPLE/PROJECTS/spring-quickstart" />
    <property name="ivy.dep.file.ivy.instance" value="ivy.xml" />
    <property name="ant.file.type.app" value="file" />
    <property name="java.endorsed.dirs" value="/System/Library/Java/JavaVirtualMachines/1.6.0.jdk/Contents/Home/lib/endorsed" />
    <property name="java.class.path.ivy.instance" value="/usr/share/ant/lib/ant-launcher.jar:/usr/share/ant/lib/ant-antlr.jar:/usr/share/ant/lib/ant-jmf.jar:/usr/share/ant/lib/ant-junit.jar:/usr/share/ant/lib/ant-junit4.jar:/usr/share/ant/lib/ant-launcher.jar:/usr/share/ant/lib/ant-swing.jar:/usr/share/ant/lib/ant-testutil.jar:/usr/share/ant/lib/ant.jar" />
    <property name="compile.dir" value="/Users/jparry/projects/twu/code/EXAMPLE/PROJECTS/spring-quickstart/build/compile" />
    <property name="ivy.home" value="/Users/jparry/projects/twu/code/EXAMPLE/PROJECTS/spring-quickstart/../ivy" />
    <property name="src.dir" value="/Users/jparry/projects/twu/code/EXAMPLE/PROJECTS/spring-quickstart/src/main" />
    <property name="ftp.nonProxyHosts.ivy.instance" value="local|*.local|169.254/16|*.169.254/16" />
    <property name="java.vm.specification.vendor.ivy.instance" value="Sun Microsystems Inc." />
    <property name="sun.os.patch.level" value="unknown" />
    <property name="ivy.dep.file" value="ivy.xml" />
    <property name="java.vendor.url" value="http://www.apple.com/" />
    <property name="ivy.local.default.artifact.pattern.ivy.instance" value="[organisation]/[module]/[revision]/[type]s/[artifact].[ext]" />
    <property name="ivy.lib.dir.ivy.instance" value="/Users/jparry/projects/twu/code/EXAMPLE/PROJECTS/spring-quickstart/lib" />
    <property name="java.version" value="1.6.0_31" />
    <property name="ivy.conf.dir.ivy.instance" value="/Users/jparry/projects/twu/code/EXAMPLE/PROJECTS/spring-quickstart" />
    <property name="sun.boot.library.path.ivy.instance" value="/System/Library/Java/JavaVirtualMachines/1.6.0.jdk/Contents/Libraries" />
    <property name="ivy.report.output.pattern.ivy.instance" value="[organisation]-[module]-[conf].[ext]" />
    <property name="jikes.class.path" value=":/System/Library/Java/JavaVirtualMachines/1.6.0.jdk/Contents/Home/../Classes/alt-rt.jar:/System/Library/Java/JavaVirtualMachines/1.6.0.jdk/Contents/Home/../Classes/alt-string.jar:/System/Library/Java/JavaVirtualMachines/1.6.0.jdk/Contents/Home/../Classes/charsets.jar:/System/Library/Java/JavaVirtualMachines/1.6.0.jdk/Contents/Home/../Classes/classes.jar:/System/Library/Java/JavaVirtualMachines/1.6.0.jdk/Contents/Home/../Classes/dt.jar:/System/Library/Java/JavaVirtualMachines/1.6.0.jdk/Contents/Home/../Classes/jce.jar:/System/Library/Java/JavaVirtualMachines/1.6.0.jdk/Contents/Home/../Classes/jconsole.jar:/System/Library/Java/JavaVirtualMachines/1.6.0.jdk/Contents/Home/../Classes/jsse.jar:/System/Library/Java/JavaVirtualMachines/1.6.0.jdk/Contents/Home/../Classes/management-agent.jar:/System/Library/Java/JavaVirtualMachines/1.6.0.jdk/Contents/Home/../Classes/ui.jar" />
    <property name="ivy.module" value="app" />
    <property name="ivy.publish.src.artifacts.pattern.ivy.instance" value="/Users/jparry/projects/twu/code/EXAMPLE/PROJECTS/spring-quickstart/distrib/[type]s/[artifact]-[revision](-[classifier]).[ext]" />
    <property name="java.vendor.url.bug" value="http://bugreport.apple.com/" />
    <property name="sun.management.compiler.ivy.instance" value="HotSpot 64-Bit Tiered Compilers" />
    <property name="ant.project.invoked-targets" value="run-tests" />
    <property name="ivy.local.default.artifact.pattern" value="[organisation]/[module]/[revision]/[type]s/[artifact].[ext]" />
    <property name="os.name.ivy.instance" value="Mac OS X" />
    <property name="ivy.default.ivy.user.dir.ivy.instance" value="/Users/jparry/projects/twu/code/EXAMPLE/PROJECTS/spring-quickstart/../ivy" />
    <property name="ivy.default.always.check.exact.revision" value="false" />
    <property name="ivy.default.settings.dir.ivy.instance" value="jar:file:/Users/jparry/projects/twu/code/EXAMPLE/PROJECTS/spring-quickstart/bootstrap/ant/ivy-2.1.0.jar!/org/apache/ivy/core/settings" />
    <property name="user.name" value="jparry" />
    <property name="sun.io.unicode.encoding" value="UnicodeLittle" />
    <property name="ivy.shared.default.root.ivy.instance" value="/Users/jparry/projects/twu/code/EXAMPLE/PROJECTS/spring-quickstart/../ivy/shared" />
    <property name="sun.jnu.encoding" value="MacRoman" />
    <property name="java.runtime.name" value="Java(TM) SE Runtime Environment" />
    <property name="ant.home.ivy.instance" value="/usr/share/ant" />
    <property name="file.encoding.ivy.instance" value="MacRoman" />
    <property name="system.test.dir" value="/Users/jparry/projects/twu/code/EXAMPLE/PROJECTS/spring-quickstart/src/system-tests" />
    <property name="ivy.cache.ttl.default.ivy.instance" value="10s" />
    <property name="ivy.conf.file.ivy.instance" value="/Users/jparry/projects/twu/code/EXAMPLE/PROJECTS/spring-quickstart/ivysettings.xml" />
    <property name="java.specification.vendor.ivy.instance" value="Sun Microsystems Inc." />
    <property name="java.vendor.ivy.instance" value="Apple Inc." />
    <property name="sun.cpu.isalist.ivy.instance" value="" />
    <property name="java.specification.name" value="Java Platform API Specification" />
    <property name="ftp.nonProxyHosts" value="local|*.local|169.254/16|*.169.254/16" />
    <property name="user.timezone" value="" />
    <property name="java.endorsed.dirs.ivy.instance" value="/System/Library/Java/JavaVirtualMachines/1.6.0.jdk/Contents/Home/lib/endorsed" />
    <property name="path.separator" value=":" />
    <property name="java.class.version.ivy.instance" value="50.0" />
    <property name="ivy.default.conf.dir" value="jar:file:/Users/jparry/projects/twu/code/EXAMPLE/PROJECTS/spring-quickstart/bootstrap/ant/ivy-2.1.0.jar!/org/apache/ivy/core/settings" />
    <property name="file.encoding" value="MacRoman" />
    <property name="java.runtime.name.ivy.instance" value="Java(TM) SE Runtime Environment" />
    <property name="ivy.resolve.default.type.filter.ivy.instance" value="*" />
    <property name="ant.project.default-target" value="build" />
    <property name="ivy.targets.copied" value="false" />
    <property name="sun.java.command" value="org.apache.tools.ant.taskdefs.optional.junit.JUnitTestRunner com.example.app.web.page.tests.ExampleFunctionalTests filtertrace=true haltOnError=false haltOnFailure=false formatter=org.apache.tools.ant.taskdefs.optional.junit.SummaryJUnitResultFormatter showoutput=false outputtoformatters=true logfailedtests=true logtestlistenerevents=false formatter=org.apache.tools.ant.taskdefs.optional.junit.XMLJUnitResultFormatter,/Users/jparry/projects/twu/code/EXAMPLE/PROJECTS/spring-quickstart/build/report/test/TEST-com.example.app.web.page.tests.ExampleFunctionalTests.xml crashfile=/Users/jparry/projects/twu/code/EXAMPLE/PROJECTS/spring-quickstart/junitvmwatcher3497872123950493369.properties propsfile=/Users/jparry/projects/twu/code/EXAMPLE/PROJECTS/spring-quickstart/junit5053179468717477164.properties" />
    <property name="socksNonProxyHosts" value="local|*.local|169.254/16|*.169.254/16" />
    <property name="ivy.shared.default.artifact.pattern" value="[organisation]/[module]/[revision]/[type]s/[artifact].[ext]" />
    <property name="ant.file" value="/Users/jparry/projects/twu/code/EXAMPLE/PROJECTS/spring-quickstart/build.xml" />
    <property name="ivy.distrib.dir.ivy.instance" value="/Users/jparry/projects/twu/code/EXAMPLE/PROJECTS/spring-quickstart/distrib" />
    <property name="ivy.checksums.ivy.instance" value="sha1,md5" />
    <property name="sun.arch.data.model.ivy.instance" value="64" />
    <property name="ivy.build.artifacts.dir.ivy.instance" value="/Users/jparry/projects/twu/code/EXAMPLE/PROJECTS/spring-quickstart/build/artifacts" />
    <property name="ivy.settings.file" value="ivysettings.xml" />
    <property name="java.io.tmpdir" value="/var/folders/wY/wYRjXTAZEdeRZHW6vDsphU+++TI/-Tmp-/" />
    <property name="ivy.buildlist.ivyfilepath.ivy.instance" value="ivy.xml" />
    <property name="ivy.cache.ttl.default" value="10s" />
    <property name="user.language" value="en" />
    <property name="awt.nativeDoubleBuffering.ivy.instance" value="true" />
    <property name="user.dir.ivy.instance" value="/Users/jparry/projects/twu/code/EXAMPLE/PROJECTS/spring-quickstart" />
    <property name="ivy.home.ivy.instance" value="/Users/jparry/projects/twu/code/EXAMPLE/PROJECTS/spring-quickstart/../ivy" />
    <property name="line.separator" value="&#xa;" />
    <property name="java.specification.version.ivy.instance" value="1.6" />
    <property name="ant.file.type" value="file" />
    <property name="ivy.build.artifacts.dir" value="/Users/jparry/projects/twu/code/EXAMPLE/PROJECTS/spring-quickstart/build/artifacts" />
    <property name="ant.file.app" value="/Users/jparry/projects/twu/code/EXAMPLE/PROJECTS/spring-quickstart/build.xml" />
    <property name="report.dir" value="/Users/jparry/projects/twu/code/EXAMPLE/PROJECTS/spring-quickstart/build/report" />
    <property name="mrj.version.ivy.instance" value="1060.1.6.0_31-413" />
    <property name="test.report.dir" value="/Users/jparry/projects/twu/code/EXAMPLE/PROJECTS/spring-quickstart/build/report/test" />
    <property name="sun.io.unicode.encoding.ivy.instance" value="UnicodeLittle" />
    <property name="ivy.status" value="integration" />
    <property name="java.vm.info" value="mixed mode" />
    <property name="ivy.lib.dir" value="/Users/jparry/projects/twu/code/EXAMPLE/PROJECTS/spring-quickstart/lib" />
    <property name="java.vm.specification.name" value="Java Virtual Machine Specification" />
    <property name="ivy.default.conf.dir.ivy.instance" value="jar:file:/Users/jparry/projects/twu/code/EXAMPLE/PROJECTS/spring-quickstart/bootstrap/ant/ivy-2.1.0.jar!/org/apache/ivy/core/settings" />
    <property name="java.vm.version.ivy.instance" value="20.6-b01-413" />
    <property name="http.nonProxyHosts" value="local|*.local|169.254/16|*.169.254/16" />
    <property name="user.name.ivy.instance" value="jparry" />
    <property name="ivy.cache.dir" value="/Users/jparry/projects/twu/code/EXAMPLE/PROJECTS/spring-quickstart/../ivy/cache" />
    <property name="java.awt.printerjob" value="apple.awt.CPrinterJob" />
    <property name="java.io.tmpdir.ivy.instance" value="/var/folders/wY/wYRjXTAZEdeRZHW6vDsphU+++TI/-Tmp-/" />
    <property name="ant.version" value="Apache Ant(TM) version 1.8.2 compiled on November 19 2011" />
    <property name="java.home.ivy.instance" value="/System/Library/Java/JavaVirtualMachines/1.6.0.jdk/Contents/Home" />
    <property name="java.vm.vendor.ivy.instance" value="Apple Inc." />
    <property name="gopherProxySet" value="false" />
    <property name="ivy.default.settings.dir" value="jar:file:/Users/jparry/projects/twu/code/EXAMPLE/PROJECTS/spring-quickstart/bootstrap/ant/ivy-2.1.0.jar!/org/apache/ivy/core/settings" />
    <property name="ivy.configurations" value="*" />
    <property name="ivy.settings.url" value="file:/Users/jparry/projects/twu/code/EXAMPLE/PROJECTS/spring-quickstart/ivysettings.xml" />
    <property name="os.name" value="Mac OS X" />
    <property name="java.specification.vendor" value="Sun Microsystems Inc." />
    <property name="sun.jnu.encoding.ivy.instance" value="MacRoman" />
    <property name="ivy.deliver.ivy.pattern.ivy.instance" value="/Users/jparry/projects/twu/code/EXAMPLE/PROJECTS/spring-quickstart/distrib/[type]s/[artifact]-[revision](-[classifier]).[ext]" />
    <property name="mrj.build" value="10M3623" />
    <property name="jikes.class.path.ivy.instance" value=":/System/Library/Java/JavaVirtualMachines/1.6.0.jdk/Contents/Home/../Classes/alt-rt.jar:/System/Library/Java/JavaVirtualMachines/1.6.0.jdk/Contents/Home/../Classes/alt-string.jar:/System/Library/Java/JavaVirtualMachines/1.6.0.jdk/Contents/Home/../Classes/charsets.jar:/System/Library/Java/JavaVirtualMachines/1.6.0.jdk/Contents/Home/../Classes/classes.jar:/System/Library/Java/JavaVirtualMachines/1.6.0.jdk/Contents/Home/../Classes/dt.jar:/System/Library/Java/JavaVirtualMachines/1.6.0.jdk/Contents/Home/../Classes/jce.jar:/System/Library/Java/JavaVirtualMachines/1.6.0.jdk/Contents/Home/../Classes/jconsole.jar:/System/Library/Java/JavaVirtualMachines/1.6.0.jdk/Contents/Home/../Classes/jsse.jar:/System/Library/Java/JavaVirtualMachines/1.6.0.jdk/Contents/Home/../Classes/management-agent.jar:/System/Library/Java/JavaVirtualMachines/1.6.0.jdk/Contents/Home/../Classes/ui.jar" />
    <property name="ivy.checksums" value="sha1,md5" />
    <property name="integration.test.dir" value="/Users/jparry/projects/twu/code/EXAMPLE/PROJECTS/spring-quickstart/src/integration-tests" />
    <property name="java.vm.name" value="Java HotSpot(TM) 64-Bit Server VM" />
    <property name="http.nonProxyHosts.ivy.instance" value="local|*.local|169.254/16|*.169.254/16" />
    <property name="ivy.log.modules.in.use" value="false" />
    <property name="mrj.version" value="1060.1.6.0_31-413" />
    <property name="java.runtime.version.ivy.instance" value="1.6.0_31-b04-413-10M3623" />
    <property name="ivy.report.output.pattern" value="[organisation]-[module]-[conf].[ext]" />
    <property name="ivy.version" value="2.1.0" />
    <property name="java.library.path" value=".:/Library/Java/Extensions:/System/Library/Java/Extensions:/usr/lib/java" />
    <property name="ivy.conf.url" value="file:/Users/jparry/projects/twu/code/EXAMPLE/PROJECTS/spring-quickstart/ivysettings.xml" />
    <property name="java.vm.name.ivy.instance" value="Java HotSpot(TM) 64-Bit Server VM" />
    <property name="os.version.ivy.instance" value="10.6.8" />
    <property name="line.separator.ivy.instance" value="&#xa;" />
    <property name="ant.java.version" value="1.6" />
    <property name="sun.cpu.endian.ivy.instance" value="little" />
    <property name="java.vm.specification.name.ivy.instance" value="Java Virtual Machine Specification" />
    <property name="basedir" value="/Users/jparry/projects/twu/code/EXAMPLE/PROJECTS/spring-quickstart" />
    <property name="java.class.version" value="50.0" />
    <property name="ivy.settings.url.ivy.instance" value="file:/Users/jparry/projects/twu/code/EXAMPLE/PROJECTS/spring-quickstart/ivysettings.xml" />
    <property name="path.separator.ivy.instance" value=":" />
    <property name="sun.boot.class.path.ivy.instance" value="/System/Library/Java/JavaVirtualMachines/1.6.0.jdk/Contents/Classes/jsfd.jar:/System/Library/Java/JavaVirtualMachines/1.6.0.jdk/Contents/Classes/classes.jar:/System/Library/Frameworks/JavaVM.framework/Frameworks/JavaRuntimeSupport.framework/Resources/Java/JavaRuntimeSupport.jar:/System/Library/Java/JavaVirtualMachines/1.6.0.jdk/Contents/Classes/ui.jar:/System/Library/Java/JavaVirtualMachines/1.6.0.jdk/Contents/Classes/laf.jar:/System/Library/Java/JavaVirtualMachines/1.6.0.jdk/Contents/Classes/sunrsasign.jar:/System/Library/Java/JavaVirtualMachines/1.6.0.jdk/Contents/Classes/jsse.jar:/System/Library/Java/JavaVirtualMachines/1.6.0.jdk/Contents/Classes/jce.jar:/System/Library/Java/JavaVirtualMachines/1.6.0.jdk/Contents/Classes/charsets.jar" />
    <property name="ant.home" value="/usr/share/ant" />
    <property name="ivy.resolved.configurations" value="jetty, runtime, buildtime" />
    <property name="ivy.deliver.ivy.pattern" value="/Users/jparry/projects/twu/code/EXAMPLE/PROJECTS/spring-quickstart/distrib/[type]s/[artifact]-[revision](-[classifier]).[ext]" />
    <property name="sun.boot.library.path" value="/System/Library/Java/JavaVirtualMachines/1.6.0.jdk/Contents/Libraries" />
    <property name="build.dir" value="/Users/jparry/projects/twu/code/EXAMPLE/PROJECTS/spring-quickstart/build" />
    <property name="ivy.default.always.check.exact.revision.ivy.instance" value="false" />
    <property name="java.library.path.ivy.instance" value=".:/Library/Java/Extensions:/System/Library/Java/Extensions:/usr/lib/java" />
    <property name="awt.toolkit.ivy.instance" value="apple.awt.CToolkit" />
    <property name="ivy.basedir" value="/Users/jparry/projects/twu/code/EXAMPLE/PROJECTS/spring-quickstart" />
    <property name="sun.management.compiler" value="HotSpot 64-Bit Tiered Compilers" />
    <property name="java.ext.dirs.ivy.instance" value="/Library/Java/Extensions:/System/Library/Java/Extensions:/System/Library/Java/JavaVirtualMachines/1.6.0.jdk/Contents/Home/lib/ext" />
    <property name="java.awt.graphicsenv" value="apple.awt.CGraphicsEnvironment" />
    <property name="ivy.log.modules.in.use.ivy.instance" value="false" />
    <property name="sun.os.patch.level.ivy.instance" value="unknown" />
    <property name="file.encoding.pkg.ivy.instance" value="sun.io" />
    <property name="ivy.resolver.default.check.modified" value="false" />
    <property name="ivy.shared.default.ivy.pattern" value="[organisation]/[module]/[revision]/[type]s/[artifact].[ext]" />
    <property name="ivy.settings.file.ivy.instance" value="/Users/jparry/projects/twu/code/EXAMPLE/PROJECTS/spring-quickstart/ivysettings.xml" />
    <property name="ivy.nb.targets.copied" value="0" />
    <property name="ant.project.name" value="app" />
    <property name="ivy.cache.dir.ivy.instance" value="/Users/jparry/projects/twu/code/EXAMPLE/PROJECTS/spring-quickstart/../ivy/cache" />
    <property name="unit.test.dir" value="/Users/jparry/projects/twu/code/EXAMPLE/PROJECTS/spring-quickstart/src/unit-tests" />
    <property name="java.vm.specification.version" value="1.0" />
    <property name="socksNonProxyHosts.ivy.instance" value="local|*.local|169.254/16|*.169.254/16" />
    <property name="ivy.status.ivy.instance" value="integration" />
    <property name="awt.toolkit" value="apple.awt.CToolkit" />
    <property name="sun.cpu.isalist" value="" />
    <property name="file.separator.ivy.instance" value="/" />
    <property name="java.ext.dirs" value="/Library/Java/Extensions:/System/Library/Java/Extensions:/System/Library/Java/JavaVirtualMachines/1.6.0.jdk/Contents/Home/lib/ext" />
    <property name="ivy.local.default.root.ivy.instance" value="/Users/jparry/projects/twu/code/EXAMPLE/PROJECTS/spring-quickstart/../ivy/local" />
    <property name="ivy.deps.changed" value="false" />
    <property name="os.version" value="10.6.8" />
    <property name="user.home" value="/Users/jparry" />
    <property name="sun.java.launcher.ivy.instance" value="SUN_STANDARD" />
    <property name="java.vm.vendor" value="Apple Inc." />
    <property name="ivy.local.default.root" value="/Users/jparry/projects/twu/code/EXAMPLE/PROJECTS/spring-quickstart/../ivy/local" />
    <property name="mrj.build.ivy.instance" value="10M3623" />
    <property name="ivy.organisation" value="com.example.app" />
    <property name="user.dir" value="/Users/jparry/projects/twu/code/EXAMPLE/PROJECTS/spring-quickstart" />
    <property name="ant.library.dir.ivy.instance" value="/usr/share/ant/lib" />
    <property name="ivy.local.default.ivy.pattern" value="[organisation]/[module]/[revision]/[type]s/[artifact].[ext]" />
    <property name="ivy.shared.default.ivy.pattern.ivy.instance" value="[organisation]/[module]/[revision]/[type]s/[artifact].[ext]" />
    <property name="ivy.publish.src.artifacts.pattern" value="/Users/jparry/projects/twu/code/EXAMPLE/PROJECTS/spring-quickstart/distrib/[type]s/[artifact]-[revision](-[classifier]).[ext]" />
    <property name="java.vm.info.ivy.instance" value="mixed mode" />
    <property name="sun.java.command.ivy.instance" value="org.apache.tools.ant.launch.Launcher -cp  run-tests" />
    <property name="ivy.distrib.dir" value="/Users/jparry/projects/twu/code/EXAMPLE/PROJECTS/spring-quickstart/distrib" />
    <property name="sun.cpu.endian" value="little" />
    <property name="ivy.revision" value="working@fonzerelli.corporate.thoughtworks.com" />
    <property name="user.timezone.ivy.instance" value="GMT+05:30" />
    <property name="java.vm.version" value="20.6-b01-413" />
    <property name="java.class.path" value="/Users/jparry/projects/twu/code/EXAMPLE/PROJECTS/spring-quickstart/src/unit-tests/resources:/Users/jparry/projects/twu/code/EXAMPLE/PROJECTS/spring-quickstart/src/main/resources:/Users/jparry/projects/twu/code/EXAMPLE/PROJECTS/spring-quickstart/src/main/deployment/env/dev:/Users/jparry/projects/twu/code/EXAMPLE/PROJECTS/spring-quickstart/build/compile/app-int-tests.jar:/Users/jparry/projects/twu/code/EXAMPLE/PROJECTS/spring-quickstart/build/compile/app-sys-tests.jar:/Users/jparry/projects/twu/code/EXAMPLE/PROJECTS/spring-quickstart/build/compile/app-unit-tests.jar:/Users/jparry/projects/twu/code/EXAMPLE/PROJECTS/spring-quickstart/build/compile/app.jar:/Users/jparry/projects/twu/code/EXAMPLE/PROJECTS/spring-quickstart/lib/runtime/jar/commons-lang-2.4.jar:/Users/jparry/projects/twu/code/EXAMPLE/PROJECTS/spring-quickstart/lib/runtime/jar/freemarker-2.3.16.jar:/Users/jparry/projects/twu/code/EXAMPLE/PROJECTS/spring-quickstart/lib/runtime/jar/jcl-over-slf4j-1.6.1.jar:/Users/jparry/projects/twu/code/EXAMPLE/PROJECTS/spring-quickstart/lib/runtime/jar/org.springframework.asm-3.0.2.RELEASE.jar:/Users/jparry/projects/twu/code/EXAMPLE/PROJECTS/spring-quickstart/lib/runtime/jar/org.springframework.beans-3.0.2.RELEASE.jar:/Users/jparry/projects/twu/code/EXAMPLE/PROJECTS/spring-quickstart/lib/runtime/jar/org.springframework.context-3.0.2.RELEASE.jar:/Users/jparry/projects/twu/code/EXAMPLE/PROJECTS/spring-quickstart/lib/runtime/jar/org.springframework.context.support-3.0.2.RELEASE.jar:/Users/jparry/projects/twu/code/EXAMPLE/PROJECTS/spring-quickstart/lib/runtime/jar/org.springframework.core-3.0.2.RELEASE.jar:/Users/jparry/projects/twu/code/EXAMPLE/PROJECTS/spring-quickstart/lib/runtime/jar/org.springframework.expression-3.0.2.RELEASE.jar:/Users/jparry/projects/twu/code/EXAMPLE/PROJECTS/spring-quickstart/lib/runtime/jar/org.springframework.jdbc-3.0.2.RELEASE.jar:/Users/jparry/projects/twu/code/EXAMPLE/PROJECTS/spring-quickstart/lib/runtime/jar/org.springframework.transaction-3.0.2.RELEASE.jar:/Users/jparry/projects/twu/code/EXAMPLE/PROJECTS/spring-quickstart/lib/runtime/jar/org.springframework.web-3.0.2.RELEASE.jar:/Users/jparry/projects/twu/code/EXAMPLE/PROJECTS/spring-quickstart/lib/runtime/jar/org.springframework.web.servlet-3.0.2.RELEASE.jar:/Users/jparry/projects/twu/code/EXAMPLE/PROJECTS/spring-quickstart/lib/runtime/jar/slf4j-api-1.6.1.jar:/Users/jparry/projects/twu/code/EXAMPLE/PROJECTS/spring-quickstart/lib/runtime/jar/slf4j-jcl-1.6.1.jar:/Users/jparry/projects/twu/code/EXAMPLE/PROJECTS/spring-quickstart/lib/runtime/bundle/xmlsec-1.4.3.jar:/Users/jparry/projects/twu/code/EXAMPLE/PROJECTS/spring-quickstart/lib/buildtime/jar/commons-dbcp-1.3.jar:/Users/jparry/projects/twu/code/EXAMPLE/PROJECTS/spring-quickstart/lib/buildtime/jar/commons-lang-2.4.jar:/Users/jparry/projects/twu/code/EXAMPLE/PROJECTS/spring-quickstart/lib/buildtime/jar/commons-pool-1.5.jar:/Users/jparry/projects/twu/code/EXAMPLE/PROJECTS/spring-quickstart/lib/buildtime/jar/junit-4.8.1.jar:/Users/jparry/projects/twu/code/EXAMPLE/PROJECTS/spring-quickstart/lib/buildtime/jar/mockito-core-1.8.4.jar:/Users/jparry/projects/twu/code/EXAMPLE/PROJECTS/spring-quickstart/lib/buildtime/jar/org.springframework.test-3.0.2.RELEASE.jar:/Users/jparry/projects/twu/code/EXAMPLE/PROJECTS/spring-quickstart/lib/buildtime/jar/selenium-api-2.24.1.jar:/Users/jparry/projects/twu/code/EXAMPLE/PROJECTS/spring-quickstart/lib/buildtime/jar/selenium-firefox-driver-2.24.1.jar:/Users/jparry/projects/twu/code/EXAMPLE/PROJECTS/spring-quickstart/lib/buildtime/jar/selenium-htmlunit-driver-2.24.1.jar:/Users/jparry/projects/twu/code/EXAMPLE/PROJECTS/spring-quickstart/lib/buildtime/jar/selenium-java-2.24.1.jar:/Users/jparry/projects/twu/code/EXAMPLE/PROJECTS/spring-quickstart/lib/buildtime/jar/selenium-remote-driver-2.24.1.jar:/Users/jparry/projects/twu/code/EXAMPLE/PROJECTS/spring-quickstart/lib/buildtime/jar/selenium-server-2.24.1.jar:/Users/jparry/projects/twu/code/EXAMPLE/PROJECTS/spring-quickstart/lib/buildtime/jar/servlet-api-2.5.jar:/Users/jparry/projects/twu/code/EXAMPLE/PROJECTS/spring-quickstart/lib/jetty/jar/ecj-3.5.1.jar:/Users/jparry/projects/twu/code/EXAMPLE/PROJECTS/spring-quickstart/lib/jetty/jar/jetty-6.1.22.jar:/Users/jparry/projects/twu/code/EXAMPLE/PROJECTS/spring-quickstart/lib/jetty/jar/jetty-util-6.1.22.jar:/Users/jparry/projects/twu/code/EXAMPLE/PROJECTS/spring-quickstart/lib/jetty/jar/jsp-2.1-glassfish-2.1.v20100127.jar:/Users/jparry/projects/twu/code/EXAMPLE/PROJECTS/spring-quickstart/lib/jetty/jar/jsp-api-2.1-glassfish-2.1.v20100127.jar:/usr/share/java/ant-1.8.2/lib/ant-launcher.jar:/usr/share/ant/lib/ant.jar:/usr/share/ant/lib/ant-junit.jar:/usr/share/ant/lib/ant-junit4.jar" />
    <property name="ivy.default.ivy.user.dir" value="/Users/jparry/projects/twu/code/EXAMPLE/PROJECTS/spring-quickstart/../ivy" />
    <property name="user.home.ivy.instance" value="/Users/jparry" />
    <property name="basedir.ivy.instance" value="/Users/jparry/projects/twu/code/EXAMPLE/PROJECTS/spring-quickstart" />
    <property name="ant.library.dir" value="/usr/share/ant/lib" />
    <property name="os.arch" value="x86_64" />
    <property name="ivy.conf.file" value="/Users/jparry/projects/twu/code/EXAMPLE/PROJECTS/spring-quickstart/ivysettings.xml" />
    <property name="java.awt.graphicsenv.ivy.instance" value="apple.awt.CGraphicsEnvironment" />
    <property name="java.vendor.url.bug.ivy.instance" value="http://bugreport.apple.com/" />
    <property name="java.vm.specification.version.ivy.instance" value="1.0" />
    <property name="dist.dir" value="/Users/jparry/projects/twu/code/EXAMPLE/PROJECTS/spring-quickstart/build/dist" />
    <property name="sun.java.launcher" value="SUN_STANDARD" />
    <property name="java.awt.printerjob.ivy.instance" value="apple.awt.CPrinterJob" />
    <property name="ivy.settings.dir.ivy.instance" value="/Users/jparry/projects/twu/code/EXAMPLE/PROJECTS/spring-quickstart" />
    <property name="ant.core.lib" value="/usr/share/ant/lib/ant.jar" />
    <property name="ivy.resolver.default.check.modified.ivy.instance" value="false" />
    <property name="java.vm.specification.vendor" value="Sun Microsystems Inc." />
    <property name="ivy.settings.dir" value="/Users/jparry/projects/twu/code/EXAMPLE/PROJECTS/spring-quickstart" />
    <property name="gopherProxySet.ivy.instance" value="false" />
    <property name="user.language.ivy.instance" value="en" />
    <property name="file.separator" value="/" />
    <property name="user.country.ivy.instance" value="US" />
    <property name="ivy.shared.default.artifact.pattern.ivy.instance" value="[organisation]/[module]/[revision]/[type]s/[artifact].[ext]" />
    <property name="ivy.conf.url.ivy.instance" value="file:/Users/jparry/projects/twu/code/EXAMPLE/PROJECTS/spring-quickstart/ivysettings.xml" />
    <property name="java.runtime.version" value="1.6.0_31-b04-413-10M3623" />
    <property name="java.specification.name.ivy.instance" value="Java Platform API Specification" />
    <property name="sun.boot.class.path" value="/System/Library/Java/JavaVirtualMachines/1.6.0.jdk/Contents/Classes/jsfd.jar:/System/Library/Java/JavaVirtualMachines/1.6.0.jdk/Contents/Classes/classes.jar:/System/Library/Frameworks/JavaVM.framework/Frameworks/JavaRuntimeSupport.framework/Resources/Java/JavaRuntimeSupport.jar:/System/Library/Java/JavaVirtualMachines/1.6.0.jdk/Contents/Classes/ui.jar:/System/Library/Java/JavaVirtualMachines/1.6.0.jdk/Contents/Classes/laf.jar:/System/Library/Java/JavaVirtualMachines/1.6.0.jdk/Contents/Classes/sunrsasign.jar:/System/Library/Java/JavaVirtualMachines/1.6.0.jdk/Contents/Classes/jsse.jar:/System/Library/Java/JavaVirtualMachines/1.6.0.jdk/Contents/Classes/jce.jar:/System/Library/Java/JavaVirtualMachines/1.6.0.jdk/Contents/Classes/charsets.jar" />
    <property name="ivy.conf.dir" value="/Users/jparry/projects/twu/code/EXAMPLE/PROJECTS/spring-quickstart" />
    <property name="ivy.retrieve.pattern" value="/Users/jparry/projects/twu/code/EXAMPLE/PROJECTS/spring-quickstart/lib/[artifact]-[revision](-[classifier]).[ext]" />
    <property name="user.country" value="US" />
    <property name="ivy.shared.default.root" value="/Users/jparry/projects/twu/code/EXAMPLE/PROJECTS/spring-quickstart/../ivy/shared" />
    <property name="java.version.ivy.instance" value="1.6.0_31" />
    <property name="ivy.resolved.file" value="/Users/jparry/projects/twu/code/EXAMPLE/PROJECTS/spring-quickstart/ivy.xml" />
    <property name="os.arch.ivy.instance" value="x86_64" />
    <property name="java.vendor" value="Apple Inc." />
    <property name="ivy.project.dir" value="/Users/jparry/projects/twu/code/EXAMPLE/PROJECTS/spring-quickstart" />
    <property name="awt.nativeDoubleBuffering" value="true" />
    <property name="java.specification.version" value="1.6" />
    <property name="sun.arch.data.model" value="64" />
    <property name="ivy.buildlist.ivyfilepath" value="ivy.xml" />
  </properties>
  <testcase classname="com.example.app.web.page.tests.ExampleFunctionalTests" name="shouldSearchForSomething" time="1.158">
    <error message="com/gargoylesoftware/htmlunit/WebWindowListener" type="java.lang.NoClassDefFoundError">java.lang.NoClassDefFoundError: com/gargoylesoftware/htmlunit/WebWindowListener
	at com.example.app.web.page.Browser.&lt;init&gt;(Browser.java:24)
	at com.example.app.web.page.Application.start(Application.java:63)
	at com.example.app.web.page.Application.instance(Application.java:34)
	at com.example.app.web.page.Application.browser(Application.java:21)
	at com.example.app.web.page.tests.LoginLogoutRule.&lt;init&gt;(LoginLogoutRule.java:13)
	at com.example.app.web.page.tests.ExampleFunctionalTests.&lt;init&gt;(ExampleFunctionalTests.java:9)
	at java.lang.reflect.Constructor.newInstance(Constructor.java:513)
Caused by: java.lang.ClassNotFoundException: com.gargoylesoftware.htmlunit.WebWindowListener
	at java.net.URLClassLoader$1.run(URLClassLoader.java:202)
	at java.security.AccessController.doPrivileged(Native Method)
	at java.net.URLClassLoader.findClass(URLClassLoader.java:190)
	at java.lang.ClassLoader.loadClass(ClassLoader.java:306)
	at sun.misc.Launcher$AppClassLoader.loadClass(Launcher.java:301)
	at java.lang.ClassLoader.loadClass(ClassLoader.java:247)
</error>
  </testcase>
  <system-out><![CDATA[]]></system-out>
  <system-err><![CDATA[SLF4J: Detected both jcl-over-slf4j.jar AND slf4j-jcl.jar on the class path, preempting StackOverflowError. 
SLF4J: See also http://www.slf4j.org/codes.html#jclDelegationLoop for more details.
2012-08-17 10:34:26.594:INFO::Logging to STDERR via org.mortbay.log.StdErrLog
2012-08-17 10:34:26.628:INFO::jetty-6.1.22
2012-08-17 10:34:27.014:INFO:/app:Initializing Spring root WebApplicationContext
2012-08-17 10:34:27.386:INFO:/app:Initializing Spring FrameworkServlet 'spring'
2012-08-17 10:34:27.702:INFO::Started SocketConnector@0.0.0.0:61515
]]></system-err>
</testsuite>
